2017-11-30 Thu 01:45:55:587 - activite: Start plug
2017-11-30 Thu 01:45:55:599 - activite: Delay : 1500000
2017-11-30 Thu 01:46:38:885 - activite: Stop plug
2017-11-30 Thu 01:46:46:225 - activite: Start plug
2017-11-30 Thu 01:46:46:233 - activite: Delay : 1500000
2017-11-30 Thu 01:47:05:785 - activite: Stop plug
2017-11-30 Thu 01:49:11:039 - activite: Start plug
2017-11-30 Thu 01:49:11:046 - activite: Delay : 1500000
2017-11-30 Thu 01:58:52:416 - activite: Stop plug
2017-11-30 Thu 01:59:03:917 - activite: Stop plug
2017-11-30 Thu 02:07:09:478 - activite: Start plug
2017-11-30 Thu 02:07:09:505 - activite: Delay : 15000
2017-11-30 Thu 02:07:27:413 - activite: Stop plug
2017-11-30 Thu 02:08:20:678 - activite: Start plug
2017-11-30 Thu 02:08:20:693 - activite: Delay : 15000
2017-11-30 Thu 02:09:36:406 - activite: Stop plug
2017-11-30 Thu 02:10:07:241 - activite: Start plug
2017-11-30 Thu 02:21:52:620 - activite: Start plug
2017-11-30 Thu 02:21:52:630 - activite: Delay : 15000
2017-11-30 Thu 02:22:07:629 - activite: Stop plug
2017-11-30 Thu 02:22:30:511 - activite: Start plug
2017-11-30 Thu 02:22:30:528 - activite: Delay : 15000
2017-11-30 Thu 02:22:38:137 - activite: Start plug
2017-11-30 Thu 02:22:38:149 - activite: Delay : 15000
2017-11-30 Thu 02:22:53:146 - activite: Stop plug
2017-11-30 Thu 02:23:08:151 - activite: Start plug
2017-11-30 Thu 02:23:08:170 - activite: Delay : 15000
2017-11-30 Thu 02:23:23:172 - activite: Stop plug
2017-11-30 Thu 02:25:24:385 - activite: Start plug
2017-11-30 Thu 02:25:24:409 - activite: Delay : 15000
2017-11-30 Thu 02:25:39:412 - activite: Stop plug
2017-11-30 Thu 02:32:48:378 - activite: Start plug
2017-11-30 Thu 02:32:48:386 - activite: Delay : 15000
2017-11-30 Thu 02:33:03:386 - activite: Stop plug
2017-12-02 Sat 08:56:12:603 - activite: Start plug
2017-12-02 Sat 08:56:12:616 - activite: Delay : 15000
2017-12-02 Sat 08:56:27:616 - activite: Stop plug
2017-12-02 Sat 08:57:30:749 - activite: Start plug
2017-12-02 Sat 08:57:30:767 - activite: Delay : 15000
2017-12-02 Sat 08:57:45:769 - activite: Stop plug
2017-12-02 Sat 08:59:31:700 - activite: Start plug
2017-12-02 Sat 08:59:31:704 - activite: Delay : 15000
2017-12-02 Sat 08:59:46:710 - activite: Stop plug
2017-12-02 Sat 09:01:04:727 - activite: Start plug
2017-12-02 Sat 09:01:04:752 - activite: Delay : 15000
2017-12-02 Sat 09:01:19:743 - activite: Stop plug
2017-12-02 Sat 09:01:49:038 - activite: Start plug
2017-12-02 Sat 09:01:49:042 - activite: Delay : 15000
2017-12-02 Sat 09:02:07:872 - activite: Start plug
2017-12-02 Sat 09:02:07:880 - activite: Delay : 15000
2017-12-02 Sat 09:02:20:414 - activite: Start plug
2017-12-02 Sat 09:02:20:432 - activite: Delay : 15000
2017-12-02 Sat 09:02:35:440 - activite: Stop plug
2017-12-02 Sat 09:02:51:044 - activite: Start plug
2017-12-02 Sat 09:04:40:260 - activite: Start plug
2017-12-02 Sat 09:04:40:276 - activite: Delay : 15000
2017-12-02 Sat 09:04:55:273 - activite: Stop plug
2017-12-02 Sat 09:04:58:859 - activite: Stop plug
2017-12-02 Sat 09:05:11:877 - activite: Stop plug
2017-12-02 Sat 09:07:29:090 - activite: Start plug
2017-12-02 Sat 09:07:29:098 - activite: Delay : 15000
2017-12-02 Sat 09:07:40:962 - activite: Start plug
2017-12-02 Sat 09:07:41:007 - activite: Delay : 15000
2017-12-02 Sat 09:07:46:060 - activite: Start plug
2017-12-02 Sat 09:07:46:078 - activite: Delay : 15000
2017-12-02 Sat 09:07:51:123 - activite: Start plug
2017-12-02 Sat 09:07:51:126 - activite: Delay : 15000
2017-12-02 Sat 09:07:56:157 - activite: Start plug
2017-12-02 Sat 09:07:56:162 - activite: Delay : 15000
2017-12-02 Sat 09:08:01:183 - activite: Start plug
2017-12-02 Sat 09:08:01:196 - activite: Delay : 15000
2017-12-02 Sat 09:08:06:221 - activite: Start plug
2017-12-02 Sat 09:08:06:228 - activite: Delay : 15000
2017-12-02 Sat 09:08:11:263 - activite: Start plug
2017-12-02 Sat 09:08:11:265 - activite: Delay : 15000
2017-12-02 Sat 09:08:16:323 - activite: Start plug
2017-12-02 Sat 09:08:16:325 - activite: Delay : 15000
2017-12-02 Sat 09:08:21:360 - activite: Start plug
2017-12-02 Sat 09:08:21:376 - activite: Delay : 15000
2017-12-02 Sat 09:08:36:381 - activite: Stop plug
2017-12-02 Sat 09:12:37:220 - activite: Start plug
2017-12-02 Sat 09:12:37:231 - activite: Delay : 15000
2017-12-02 Sat 09:12:52:236 - activite: Stop plug
2017-12-02 Sat 09:14:14:245 - activite: Start plug
2017-12-02 Sat 09:14:14:266 - activite: Delay : 15000
2017-12-02 Sat 09:14:29:267 - activite: Stop plug
2017-12-02 Sat 09:28:27:931 - activite: Start plug
2017-12-02 Sat 09:28:27:945 - activite: Delay : 15000
2017-12-02 Sat 09:28:40:689 - activite: Start plug
2017-12-02 Sat 09:28:40:696 - activite: Delay : 15
2017-12-02 Sat 09:28:40:711 - activite: Stop plug
2017-12-02 Sat 09:29:43:713 - activite: Start plug
2017-12-02 Sat 09:29:43:724 - activite: Delay : 15000
2017-12-02 Sat 09:29:58:730 - activite: Stop plug
2017-12-02 Sat 09:35:37:406 - activite: Start plug
2017-12-02 Sat 09:35:37:417 - activite: Delay : 15000
2017-12-02 Sat 09:35:52:417 - activite: Stop plug
2017-12-02 Sat 10:35:31:825 - activite: Start plug
2017-12-02 Sat 10:35:31:833 - activite: Delay : 15000
2017-12-02 Sat 10:35:37:523 - activite: Stop plug
2017-12-02 Sat 10:35:43:632 - activite: Start plug
2017-12-02 Sat 10:35:43:638 - activite: Delay : 15000
2017-12-02 Sat 10:35:58:641 - activite: Stop plug
2017-12-02 Sat 10:36:05:451 - activite: Start plug
2017-12-02 Sat 10:36:05:454 - activite: Delay : 10000
2017-12-02 Sat 10:36:15:454 - activite: Stop plug
2017-12-02 Sat 10:36:19:042 - activite: Stop plug
2017-12-02 Sat 10:37:49:268 - activite: Start plug
2017-12-02 Sat 10:38:28:072 - activite: Delay : 10000
2017-12-02 Sat 10:38:38:077 - activite: Stop plug
2017-12-02 Sat 10:38:58:798 - activite: Start plug
2017-12-02 Sat 10:39:09:829 - activite: Delay : 15000
2017-12-02 Sat 10:39:24:838 - activite: Stop plug
2017-12-02 Sat 10:40:01:582 - activite: Start plug
2017-12-02 Sat 10:40:08:066 - activite: Delay : 70000
2017-12-02 Sat 10:40:27:770 - activite: Start plug
2017-12-02 Sat 10:40:32:170 - activite: Delay : 15000
2017-12-02 Sat 10:40:47:179 - activite: Stop plug
2017-12-02 Sat 10:40:50:939 - activite: Start plug
2017-12-02 Sat 10:40:50:953 - activite: Delay : 80
2017-12-02 Sat 10:40:51:028 - activite: Stop plug
2017-12-02 Sat 10:40:55:832 - activite: Stop plug
